# JRE version: OpenJDK Runtime Environment JBR-17.0.11+1-1312.2-jcef (17.0.11+1) (build 17.0.11+1-b1312.2)
# Java VM: OpenJDK 64-Bit Server VM JBR-17.0.11+1-1312.2-jcef (17.0.11+1-b1312.2, mixed mode, sharing, tiered, compressed oops, compressed class ptrs, g1 gc, linux-amd64)
Heap:
 garbage-first heap   total 604160K, used 263244K [0x000000070a400000, 0x0000000800000000)
  region size 2048K, 3 young (6144K), 0 survivors (0K)
 Metaspace       used 82636K, committed 83072K, reserved 1179648K
  class space    used 10158K, committed 10368K, reserved 1048576K
GC Heap History (20 events):
Event: 158.279 GC heap before
{Heap before GC invocations=69 (full 3):
 garbage-first heap   total 604160K, used 490005K [0x000000070a400000, 0x0000000800000000)
  region size 2048K, 104 young (212992K), 4 survivors (8192K)
 Metaspace       used 79471K, committed 79808K, reserved 1179648K
  class space    used 9770K, committed 9920K, reserved 1048576K
}
Event: 158.281 GC heap after
{Heap after GC invocations=70 (full 3):
 garbage-first heap   total 604160K, used 289044K [0x000000070a400000, 0x0000000800000000)
  region size 2048K, 4 young (8192K), 4 survivors (8192K)
 Metaspace       used 79471K, committed 79808K, reserved 1179648K
  class space    used 9770K, committed 9920K, reserved 1048576K
}
Event: 158.474 GC heap before
{Heap before GC invocations=70 (full 3):
 garbage-first heap   total 604160K, used 307476K [0x000000070a400000, 0x0000000800000000)
  region size 2048K, 14 young (28672K), 4 survivors (8192K)
 Metaspace       used 79472K, committed 79808K, reserved 1179648K
  class space    used 9770K, committed 9920K, reserved 1048576K
}
Event: 158.476 GC heap after
{Heap after GC invocations=71 (full 3):
 garbage-first heap   total 604160K, used 288762K [0x000000070a400000, 0x0000000800000000)
  region size 2048K, 2 young (4096K), 2 survivors (4096K)
 Metaspace       used 79472K, committed 79808K, reserved 1179648K
  class space    used 9770K, committed 9920K, reserved 1048576K
}
Event: 160.421 GC heap before
{Heap before GC invocations=71 (full 3):
 garbage-first heap   total 604160K, used 518138K [0x000000070a400000, 0x0000000800000000)
  region size 2048K, 106 young (217088K), 2 survivors (4096K)
 Metaspace       used 79480K, committed 79808K, reserved 1179648K
  class space    used 9770K, committed 9920K, reserved 1048576K
}
Event: 160.423 GC heap after
{Heap after GC invocations=72 (full 3):
 garbage-first heap   total 604160K, used 290558K [0x000000070a400000, 0x0000000800000000)
  region size 2048K, 3 young (6144K), 3 survivors (6144K)
 Metaspace       used 79480K, committed 79808K, reserved 1179648K
  class space    used 9770K, committed 9920K, reserved 1048576K
}
Event: 162.252 GC heap before
{Heap before GC invocations=72 (full 3):
 garbage-first heap   total 604160K, used 507646K [0x000000070a400000, 0x0000000800000000)
  region size 2048K, 109 young (223232K), 3 survivors (6144K)
 Metaspace       used 79679K, committed 80000K, reserved 1179648K
  class space    used 9791K, committed 9920K, reserved 1048576K
}
Event: 162.256 GC heap after
{Heap after GC invocations=73 (full 3):
 garbage-first heap   total 604160K, used 302020K [0x000000070a400000, 0x0000000800000000)
  region size 2048K, 8 young (16384K), 8 survivors (16384K)
 Metaspace       used 79679K, committed 80000K, reserved 1179648K
  class space    used 9791K, committed 9920K, reserved 1048576K
}
Event: 166.604 GC heap before
{Heap before GC invocations=73 (full 3):
 garbage-first heap   total 604160K, used 502724K [0x000000070a400000, 0x0000000800000000)
  region size 2048K, 107 young (219136K), 8 survivors (16384K)
 Metaspace       used 79756K, committed 80064K, reserved 1179648K
  class space    used 9792K, committed 9920K, reserved 1048576K
}
Event: 166.608 GC heap after
{Heap after GC invocations=74 (full 3):
 garbage-first heap   total 604160K, used 312026K [0x000000070a400000, 0x0000000800000000)
  region size 2048K, 12 young (24576K), 12 survivors (24576K)
 Metaspace       used 79756K, committed 80064K, reserved 1179648K
  class space    used 9792K, committed 9920K, reserved 1048576K
}
Event: 213.274 GC heap before
{Heap before GC invocations=75 (full 3):
 garbage-first heap   total 604160K, used 490202K [0x000000070a400000, 0x0000000800000000)
  region size 2048K, 100 young (204800K), 12 survivors (24576K)
 Metaspace       used 79857K, committed 80192K, reserved 1179648K
  class space    used 9794K, committed 9920K, reserved 1048576K
}
Event: 213.286 GC heap after
{Heap after GC invocations=76 (full 3):
 garbage-first heap   total 604160K, used 300658K [0x000000070a400000, 0x0000000800000000)
  region size 2048K, 5 young (10240K), 5 survivors (10240K)
 Metaspace       used 79857K, committed 80192K, reserved 1179648K
  class space    used 9794K, committed 9920K, reserved 1048576K
}
Event: 213.701 GC heap before
{Heap before GC invocations=76 (full 3):
 garbage-first heap   total 604160K, used 319090K [0x000000070a400000, 0x0000000800000000)
  region size 2048K, 14 young (28672K), 5 survivors (10240K)
 Metaspace       used 79860K, committed 80192K, reserved 1179648K
  class space    used 9794K, committed 9920K, reserved 1048576K
}
Event: 213.703 GC heap after
{Heap after GC invocations=77 (full 3):
 garbage-first heap   total 604160K, used 296543K [0x000000070a400000, 0x0000000800000000)
  region size 2048K, 2 young (4096K), 2 survivors (4096K)
 Metaspace       used 79860K, committed 80192K, reserved 1179648K
  class space    used 9794K, committed 9920K, reserved 1048576K
}
Event: 214.674 GC heap before
{Heap before GC invocations=77 (full 3):
 garbage-first heap   total 604160K, used 300639K [0x000000070a400000, 0x0000000800000000)
  region size 2048K, 5 young (10240K), 2 survivors (4096K)
 Metaspace       used 79882K, committed 80192K, reserved 1179648K
  class space    used 9798K, committed 9920K, reserved 1048576K
}
Event: 214.724 GC heap after
{Heap after GC invocations=78 (full 4):
 garbage-first heap   total 604160K, used 265701K [0x000000070a400000, 0x0000000800000000)
  region size 2048K, 0 young (0K), 0 survivors (0K)
 Metaspace       used 79882K, committed 80192K, reserved 1179648K
  class space    used 9798K, committed 9920K, reserved 1048576K
}
Event: 214.748 GC heap before
{Heap before GC invocations=78 (full 4):
 garbage-first heap   total 604160K, used 269797K [0x000000070a400000, 0x0000000800000000)
  region size 2048K, 3 young (6144K), 0 survivors (0K)
 Metaspace       used 80219K, committed 80640K, reserved 1179648K
  class space    used 9837K, committed 10048K, reserved 1048576K
}
Event: 214.749 GC heap after
{Heap after GC invocations=79 (full 4):
 garbage-first heap   total 604160K, used 266692K [0x000000070a400000, 0x0000000800000000)
  region size 2048K, 1 young (2048K), 1 survivors (2048K)
 Metaspace       used 80219K, committed 80640K, reserved 1179648K
  class space    used 9837K, committed 10048K, reserved 1048576K
}
Event: 218.425 GC heap before
{Heap before GC invocations=80 (full 4):
 garbage-first heap   total 604160K, used 299460K [0x000000070a400000, 0x0000000800000000)
  region size 2048K, 10 young (20480K), 1 survivors (2048K)
 Metaspace       used 82618K, committed 83008K, reserved 1179648K
  class space    used 10158K, committed 10368K, reserved 1048576K
}
Event: 218.466 GC heap after
{Heap after GC invocations=81 (full 5):
 garbage-first heap   total 604160K, used 259148K [0x000000070a400000, 0x0000000800000000)
  region size 2048K, 0 young (0K), 0 survivors (0K)
 Metaspace       used 82618K, committed 83008K, reserved 1179648K
  class space    used 10158K, committed 10368K, reserved 1048576K
}

