# JRE version: OpenJDK Runtime Environment JBR-17.0.11+1-1312.2-jcef (17.0.11+1) (build 17.0.11+1-b1312.2)
# Java VM: OpenJDK 64-Bit Server VM JBR-17.0.11+1-1312.2-jcef (17.0.11+1-b1312.2, mixed mode, sharing, tiered, compressed oops, compressed class ptrs, g1 gc, linux-amd64)
Heap:
 garbage-first heap   total 1024000K, used 298678K [0x000000070a400000, 0x0000000800000000)
  region size 2048K, 4 young (8192K), 0 survivors (0K)
 Metaspace       used 84035K, committed 84416K, reserved 1179648K
  class space    used 10209K, committed 10368K, reserved 1048576K
GC Heap History (20 events):
Event: 576.698 GC heap before
{Heap before GC invocations=231 (full 3):
 garbage-first heap   total 1128448K, used 963422K [0x000000070a400000, 0x0000000800000000)
  region size 2048K, 305 young (624640K), 7 survivors (14336K)
 Metaspace       used 81201K, committed 81536K, reserved 1179648K
  class space    used 9841K, committed 9984K, reserved 1048576K
}
Event: 576.708 GC heap after
{Heap after GC invocations=232 (full 3):
 garbage-first heap   total 1128448K, used 358922K [0x000000070a400000, 0x0000000800000000)
  region size 2048K, 9 young (18432K), 9 survivors (18432K)
 Metaspace       used 81201K, committed 81536K, reserved 1179648K
  class space    used 9841K, committed 9984K, reserved 1048576K
}
Event: 578.348 GC heap before
{Heap before GC invocations=232 (full 3):
 garbage-first heap   total 1128448K, used 395786K [0x000000070a400000, 0x0000000800000000)
  region size 2048K, 27 young (55296K), 9 survivors (18432K)
 Metaspace       used 81201K, committed 81536K, reserved 1179648K
  class space    used 9841K, committed 9984K, reserved 1048576K
}
Event: 578.352 GC heap after
{Heap after GC invocations=233 (full 3):
 garbage-first heap   total 1128448K, used 345069K [0x000000070a400000, 0x0000000800000000)
  region size 2048K, 2 young (4096K), 2 survivors (4096K)
 Metaspace       used 81201K, committed 81536K, reserved 1179648K
  class space    used 9841K, committed 9984K, reserved 1048576K
}
Event: 601.235 GC heap before
{Heap before GC invocations=233 (full 3):
 garbage-first heap   total 1128448K, used 965613K [0x000000070a400000, 0x0000000800000000)
  region size 2048K, 305 young (624640K), 2 survivors (4096K)
 Metaspace       used 81203K, committed 81536K, reserved 1179648K
  class space    used 9841K, committed 9984K, reserved 1048576K
}
Event: 601.250 GC heap after
{Heap after GC invocations=234 (full 3):
 garbage-first heap   total 1128448K, used 351964K [0x000000070a400000, 0x0000000800000000)
  region size 2048K, 5 young (10240K), 5 survivors (10240K)
 Metaspace       used 81203K, committed 81536K, reserved 1179648K
  class space    used 9841K, committed 9984K, reserved 1048576K
}
Event: 626.080 GC heap before
{Heap before GC invocations=234 (full 3):
 garbage-first heap   total 1128448K, used 968412K [0x000000070a400000, 0x0000000800000000)
  region size 2048K, 307 young (628736K), 5 survivors (10240K)
 Metaspace       used 81208K, committed 81536K, reserved 1179648K
  class space    used 9841K, committed 9984K, reserved 1048576K
}
Event: 626.096 GC heap after
{Heap after GC invocations=235 (full 3):
 garbage-first heap   total 1128448K, used 355209K [0x000000070a400000, 0x0000000800000000)
  region size 2048K, 7 young (14336K), 7 survivors (14336K)
 Metaspace       used 81208K, committed 81536K, reserved 1179648K
  class space    used 9841K, committed 9984K, reserved 1048576K
}
Event: 653.048 GC heap before
{Heap before GC invocations=236 (full 3):
 garbage-first heap   total 1128448K, used 969609K [0x000000070a400000, 0x0000000800000000)
  region size 2048K, 307 young (628736K), 7 survivors (14336K)
 Metaspace       used 81211K, committed 81536K, reserved 1179648K
  class space    used 9841K, committed 9984K, reserved 1048576K
}
Event: 653.066 GC heap after
{Heap after GC invocations=237 (full 3):
 garbage-first heap   total 1128448K, used 358294K [0x000000070a400000, 0x0000000800000000)
  region size 2048K, 8 young (16384K), 8 survivors (16384K)
 Metaspace       used 81211K, committed 81536K, reserved 1179648K
  class space    used 9841K, committed 9984K, reserved 1048576K
}
Event: 654.800 GC heap before
{Heap before GC invocations=237 (full 3):
 garbage-first heap   total 1128448K, used 397206K [0x000000070a400000, 0x0000000800000000)
  region size 2048K, 27 young (55296K), 8 survivors (16384K)
 Metaspace       used 81211K, committed 81536K, reserved 1179648K
  class space    used 9841K, committed 9984K, reserved 1048576K
}
Event: 654.804 GC heap after
{Heap after GC invocations=238 (full 3):
 garbage-first heap   total 1128448K, used 343844K [0x000000070a400000, 0x0000000800000000)
  region size 2048K, 2 young (4096K), 2 survivors (4096K)
 Metaspace       used 81211K, committed 81536K, reserved 1179648K
  class space    used 9841K, committed 9984K, reserved 1048576K
}
Event: 679.320 GC heap before
{Heap before GC invocations=238 (full 3):
 garbage-first heap   total 1128448K, used 970532K [0x000000070a400000, 0x0000000800000000)
  region size 2048K, 308 young (630784K), 2 survivors (4096K)
 Metaspace       used 81214K, committed 81536K, reserved 1179648K
  class space    used 9841K, committed 9984K, reserved 1048576K
}
Event: 679.335 GC heap after
{Heap after GC invocations=239 (full 3):
 garbage-first heap   total 1128448K, used 353415K [0x000000070a400000, 0x0000000800000000)
  region size 2048K, 7 young (14336K), 7 survivors (14336K)
 Metaspace       used 81214K, committed 81536K, reserved 1179648K
  class space    used 9841K, committed 9984K, reserved 1048576K
}
Event: 695.248 GC heap before
{Heap before GC invocations=239 (full 3):
 garbage-first heap   total 1128448K, used 754823K [0x000000070a400000, 0x0000000800000000)
  region size 2048K, 204 young (417792K), 7 survivors (14336K)
 Metaspace       used 81241K, committed 81536K, reserved 1179648K
  class space    used 9846K, committed 9984K, reserved 1048576K
}
Event: 695.333 GC heap after
{Heap after GC invocations=240 (full 4):
 garbage-first heap   total 1038336K, used 299813K [0x000000070a400000, 0x0000000800000000)
  region size 2048K, 0 young (0K), 0 survivors (0K)
 Metaspace       used 81241K, committed 81536K, reserved 1179648K
  class space    used 9846K, committed 9984K, reserved 1048576K
}
Event: 695.358 GC heap before
{Heap before GC invocations=240 (full 4):
 garbage-first heap   total 1038336K, used 303909K [0x000000070a400000, 0x0000000800000000)
  region size 2048K, 3 young (6144K), 0 survivors (0K)
 Metaspace       used 81580K, committed 81920K, reserved 1179648K
  class space    used 9883K, committed 10048K, reserved 1048576K
}
Event: 695.359 GC heap after
{Heap after GC invocations=241 (full 4):
 garbage-first heap   total 1038336K, used 301708K [0x000000070a400000, 0x0000000800000000)
  region size 2048K, 1 young (2048K), 1 survivors (2048K)
 Metaspace       used 81580K, committed 81920K, reserved 1179648K
  class space    used 9883K, committed 10048K, reserved 1048576K
}
Event: 703.141 GC heap before
{Heap before GC invocations=242 (full 4):
 garbage-first heap   total 1038336K, used 369292K [0x000000070a400000, 0x0000000800000000)
  region size 2048K, 17 young (34816K), 1 survivors (2048K)
 Metaspace       used 84014K, committed 84352K, reserved 1179648K
  class space    used 10208K, committed 10368K, reserved 1048576K
}
Event: 703.191 GC heap after
{Heap after GC invocations=243 (full 5):
 garbage-first heap   total 1024000K, used 292534K [0x000000070a400000, 0x0000000800000000)
  region size 2048K, 0 young (0K), 0 survivors (0K)
 Metaspace       used 84014K, committed 84352K, reserved 1179648K
  class space    used 10208K, committed 10368K, reserved 1048576K
}

